Lab_collect_ap_signal_strength/app/build/outputs/logs/manifest-merger-debug-report.txt
-- Merging decision tree log ---
manifest
ADDED from AndroidManifest.xml:1:1
	xmlns:android
		ADDED from AndroidManifest.xml:1:11
	package
		ADDED from AndroidManifest.xml:2:5
		INJECTED from AndroidManifest.xml:0:0
		INJECTED from AndroidManifest.xml:0:0
	android:versionName
		ADDED from AndroidManifest.xml:4:5
	android:versionCode
		ADDED from AndroidManifest.xml:3:5
		INJECTED from AndroidManifest.xml:0:0
		INJECTED from AndroidManifest.xml:0:0
uses-sdk
ADDED from AndroidManifest.xml:6:5
	android:targetSdkVersion
		ADDED from AndroidManifest.xml:8:9
		INJECTED from AndroidManifest.xml:0:0
		INJECTED from AndroidManifest.xml:0:0
	android:minSdkVersion
		ADDED from AndroidManifest.xml:7:9
		INJECTED from AndroidManifest.xml:0:0
		INJECTED from AndroidManifest.xml:0:0
uses-permission#android.permission.INTERNET
ADDED from AndroidManifest.xml:10:6
	android:name
		ADDED from AndroidManifest.xml:10:23
uses-permission#android.permission.MOUNT_UNMOUNT_FILESYSTEMS
ADDED from AndroidManifest.xml:11:6
	android:name
		ADDED from AndroidManifest.xml:11:23
uses-permission#android.permission.WRITE_EXTERNAL_STORAGE
ADDED from AndroidManifest.xml:12:6
	android:name
		ADDED from AndroidManifest.xml:12:23
uses-permission#android.permission.READ_OWNER_DATA
ADDED from AndroidManifest.xml:13:6
	android:name
		ADDED from AndroidManifest.xml:13:23
uses-permission#android.permission.CHANGE_NETWORK_STATE
ADDED from AndroidManifest.xml:14:6
	android:name
		ADDED from AndroidManifest.xml:14:23
uses-permission#android.permission.ACCESS_WIFI_STATE
ADDED from AndroidManifest.xml:15:6
	android:name
		ADDED from AndroidManifest.xml:15:23
uses-permission#android.permission.CHANGE_WIFI_STATE
ADDED from AndroidManifest.xml:16:6
	android:name
		ADDED from AndroidManifest.xml:16:23
uses-permission#android.permission.RECEIVE_SMS
ADDED from AndroidManifest.xml:17:6
	android:name
		ADDED from AndroidManifest.xml:17:23
uses-permission#android.permission.SEND_SMS
ADDED from AndroidManifest.xml:18:6
	android:name
		ADDED from AndroidManifest.xml:18:23
uses-permission#android.permission.BLUETOOTH
ADDED from AndroidManifest.xml:19:6
	android:name
		ADDED from AndroidManifest.xml:19:23
uses-permission#android.permission.BLUETOOTH_ADMIN
ADDED from AndroidManifest.xml:20:6
	android:name
		ADDED from AndroidManifest.xml:20:23
application
ADDED from AndroidManifest.xml:23:5
	android:label
		ADDED from AndroidManifest.xml:25:9
	android:icon
		ADDED from AndroidManifest.xml:24:9
	android:theme
		ADDED from AndroidManifest.xml:26:9
activity#com.example.adr_client.MainActivity
ADDED from AndroidManifest.xml:27:9
	android:label
		ADDED from AndroidManifest.xml:29:13
	android:name
		ADDED from AndroidManifest.xml:28:13
intent-filter#android.intent.action.MAIN+android.intent.category.LAUNCHER
ADDED from AndroidManifest.xml:30:13
action#android.intent.action.MAIN
ADDED from AndroidManifest.xml:31:17
	android:name
		ADDED from AndroidManifest.xml:31:25
category#android.intent.category.LAUNCHER
ADDED from AndroidManifest.xml:33:17
	android:name
		ADDED from AndroidManifest.xml:33:27